TN:
SF:C:\Users\adedayo\Documents\Software Development\Andela BootCamp 2019\Auto Mart\backend\index.js
FN:14,(anonymous_0)
FNF:1
FNH:0
FNDA:0,(anonymous_0)
DA:2,1
DA:3,1
DA:4,1
DA:5,1
DA:7,1
DA:8,1
DA:9,1
DA:10,1
DA:11,1
DA:12,1
DA:14,1
DA:18,1
LF:12
LH:12
BRF:0
BRH:0
end_of_record
TN:
SF:C:\Users\adedayo\Documents\Software Development\Andela BootCamp 2019\Auto Mart\backend\controllers\cars.js
FN:9,(anonymous_0)
FN:13,(anonymous_1)
FN:15,(anonymous_2)
FN:20,(anonymous_3)
FN:23,(anonymous_4)
FN:29,(anonymous_5)
FN:31,(anonymous_6)
FN:35,(anonymous_7)
FN:37,(anonymous_8)
FN:43,(anonymous_9)
FN:45,(anonymous_10)
FN:49,(anonymous_11)
FN:51,(anonymous_12)
FN:57,(anonymous_13)
FN:59,(anonymous_14)
FN:65,(anonymous_15)
FN:67,(anonymous_16)
FN:77,(anonymous_17)
FN:78,(anonymous_18)
FN:81,(anonymous_19)
FN:88,(anonymous_20)
FN:92,(anonymous_21)
FN:108,(anonymous_22)
FN:109,(anonymous_23)
FN:115,(anonymous_24)
FN:129,(anonymous_25)
FN:130,(anonymous_26)
FNF:27
FNH:27
FNDA:6,(anonymous_0)
FNDA:2,(anonymous_1)
FNDA:7,(anonymous_2)
FNDA:2,(anonymous_3)
FNDA:6,(anonymous_4)
FNDA:5,(anonymous_5)
FNDA:14,(anonymous_6)
FNDA:3,(anonymous_7)
FNDA:7,(anonymous_8)
FNDA:2,(anonymous_9)
FNDA:7,(anonymous_10)
FNDA:6,(anonymous_11)
FNDA:6,(anonymous_12)
FNDA:2,(anonymous_13)
FNDA:7,(anonymous_14)
FNDA:7,(anonymous_15)
FNDA:7,(anonymous_16)
FNDA:2,(anonymous_17)
FNDA:9,(anonymous_18)
FNDA:7,(anonymous_19)
FNDA:1,(anonymous_20)
FNDA:1,(anonymous_21)
FNDA:2,(anonymous_22)
FNDA:2,(anonymous_23)
FNDA:16,(anonymous_24)
FNDA:1,(anonymous_25)
FNDA:1,(anonymous_26)
DA:2,1
DA:3,1
DA:9,1
DA:10,6
DA:12,6
DA:13,2
DA:14,1
DA:15,7
DA:17,0
DA:20,2
DA:21,1
DA:23,6
DA:24,1
DA:26,0
DA:28,5
DA:29,5
DA:30,2
DA:31,14
DA:33,0
DA:35,3
DA:36,2
DA:37,7
DA:38,2
DA:40,0
DA:42,3
DA:43,2
DA:44,1
DA:45,7
DA:47,0
DA:49,6
DA:50,1
DA:51,6
DA:52,1
DA:54,0
DA:56,2
DA:57,2
DA:58,1
DA:59,7
DA:60,1
DA:62,0
DA:64,1
DA:65,7
DA:66,1
DA:67,7
DA:68,1
DA:70,0
DA:73,0
DA:77,1
DA:78,9
DA:79,2
DA:81,7
DA:82,1
DA:84,1
DA:88,1
DA:89,1
DA:90,1
DA:91,1
DA:92,1
DA:93,1
DA:94,0
DA:98,1
DA:99,1
DA:108,1
DA:109,2
DA:110,2
DA:111,0
DA:115,16
DA:116,2
DA:117,2
DA:118,2
DA:119,2
DA:129,1
DA:130,1
DA:131,1
DA:132,0
DA:136,1
DA:137,1
DA:138,1
DA:146,1
LF:79
LH:67
BRDA:12,0,0,1
BRDA:12,0,1,5
BRDA:12,1,0,6
BRDA:12,1,1,1
BRDA:12,1,2,1
BRDA:14,2,0,1
BRDA:14,2,1,0
BRDA:20,3,0,2
BRDA:20,3,1,2
BRDA:21,4,0,1
BRDA:21,4,1,0
BRDA:23,5,0,6
BRDA:23,5,1,6
BRDA:28,6,0,2
BRDA:28,6,1,3
BRDA:28,7,0,5
BRDA:28,7,1,2
BRDA:30,8,0,2
BRDA:30,8,1,0
BRDA:36,9,0,2
BRDA:36,9,1,0
BRDA:42,10,0,1
BRDA:42,10,1,2
BRDA:42,11,0,3
BRDA:42,11,1,2
BRDA:44,12,0,1
BRDA:44,12,1,0
BRDA:50,13,0,1
BRDA:50,13,1,0
BRDA:56,14,0,1
BRDA:56,14,1,1
BRDA:58,15,0,1
BRDA:58,15,1,0
BRDA:64,16,0,1
BRDA:64,16,1,0
BRDA:66,17,0,1
BRDA:66,17,1,0
BRDA:79,18,0,1
BRDA:79,18,1,1
BRDA:93,19,0,0
BRDA:93,19,1,1
BRDA:110,20,0,0
BRDA:110,20,1,2
BRDA:131,21,0,0
BRDA:131,21,1,1
BRF:45
BRH:33
end_of_record
TN:
SF:C:\Users\adedayo\Documents\Software Development\Andela BootCamp 2019\Auto Mart\backend\controllers\flags.js
FN:3,(anonymous_0)
FNF:1
FNH:1
FNDA:1,(anonymous_0)
DA:1,1
DA:3,1
DA:4,1
DA:5,1
DA:6,1
DA:7,1
DA:8,1
DA:14,1
LF:8
LH:8
BRF:0
BRH:0
end_of_record
TN:
SF:C:\Users\adedayo\Documents\Software Development\Andela BootCamp 2019\Auto Mart\backend\controllers\orders.js
FN:7,(anonymous_0)
FN:12,(anonymous_1)
FN:28,(anonymous_2)
FN:29,(anonymous_3)
FN:35,(anonymous_4)
FNF:5
FNH:5
FNDA:1,(anonymous_0)
FNDA:1,(anonymous_1)
FNDA:1,(anonymous_2)
FNDA:1,(anonymous_3)
FNDA:3,(anonymous_4)
DA:1,1
DA:2,1
DA:3,1
DA:7,1
DA:8,1
DA:9,1
DA:10,1
DA:11,1
DA:12,1
DA:13,1
DA:14,0
DA:18,1
DA:19,1
DA:28,1
DA:29,1
DA:30,1
DA:31,0
DA:35,3
DA:36,1
DA:37,1
DA:38,1
DA:46,1
LF:22
LH:20
BRDA:13,0,0,0
BRDA:13,0,1,1
BRDA:30,1,0,0
BRDA:30,1,1,1
BRF:4
BRH:2
end_of_record
TN:
SF:C:\Users\adedayo\Documents\Software Development\Andela BootCamp 2019\Auto Mart\backend\controllers\users.js
FN:10,(anonymous_0)
FN:14,(anonymous_1)
FN:23,(anonymous_2)
FN:25,(anonymous_3)
FN:28,(anonymous_4)
FN:30,(anonymous_5)
FN:44,(anonymous_6)
FN:45,(anonymous_7)
FNF:8
FNH:6
FNDA:1,(anonymous_0)
FNDA:1,(anonymous_1)
FNDA:3,(anonymous_2)
FNDA:3,(anonymous_3)
FNDA:8,(anonymous_4)
FNDA:3,(anonymous_5)
FNDA:0,(anonymous_6)
FNDA:0,(anonymous_7)
DA:4,1
DA:5,1
DA:10,1
DA:11,1
DA:12,1
DA:13,1
DA:14,1
DA:15,1
DA:23,1
DA:25,3
DA:26,3
DA:28,8
DA:29,3
DA:30,3
DA:31,3
DA:38,0
DA:44,1
DA:45,0
DA:46,0
DA:47,0
DA:51,0
DA:59,1
LF:22
LH:17
BRDA:25,0,0,3
BRDA:25,0,1,3
BRDA:26,1,0,3
BRDA:26,1,1,0
BRDA:28,2,0,8
BRDA:28,2,1,3
BRDA:46,3,0,0
BRDA:46,3,1,0
BRF:8
BRH:5
end_of_record
TN:
SF:C:\Users\adedayo\Documents\Software Development\Andela BootCamp 2019\Auto Mart\backend\db\Cars.js
FNF:0
FNH:0
DA:1,1
DA:81,1
LF:2
LH:2
BRF:0
BRH:0
end_of_record
TN:
SF:C:\Users\adedayo\Documents\Software Development\Andela BootCamp 2019\Auto Mart\backend\db\Flags.js
FNF:0
FNH:0
DA:5,1
DA:26,1
LF:2
LH:2
BRF:0
BRH:0
end_of_record
TN:
SF:C:\Users\adedayo\Documents\Software Development\Andela BootCamp 2019\Auto Mart\backend\db\Orders.js
FNF:0
FNH:0
DA:5,1
DA:29,1
LF:2
LH:2
BRF:0
BRH:0
end_of_record
TN:
SF:C:\Users\adedayo\Documents\Software Development\Andela BootCamp 2019\Auto Mart\backend\db\Users.js
FNF:0
FNH:0
DA:2,1
DA:23,1
LF:2
LH:2
BRF:0
BRH:0
end_of_record
TN:
SF:C:\Users\adedayo\Documents\Software Development\Andela BootCamp 2019\Auto Mart\backend\middlewares\user.js
FN:2,(anonymous_0)
FNF:1
FNH:1
FNDA:6,(anonymous_0)
DA:2,1
DA:3,6
DA:4,6
DA:5,6
DA:6,6
DA:7,6
DA:8,6
DA:10,0
DA:25,1
LF:9
LH:8
BRDA:4,0,0,6
BRDA:4,0,1,0
BRF:2
BRH:1
end_of_record
TN:
SF:C:\Users\adedayo\Documents\Software Development\Andela BootCamp 2019\Auto Mart\backend\routes\index.js
FNF:0
FNH:0
DA:1,1
DA:2,1
DA:3,1
DA:4,1
DA:5,1
DA:6,1
DA:8,1
DA:11,1
DA:12,1
DA:13,1
DA:14,1
DA:16,1
DA:19,1
DA:20,1
DA:21,1
DA:22,1
DA:23,1
DA:26,1
DA:27,1
DA:28,1
DA:31,1
DA:32,1
DA:35,1
DA:38,1
LF:24
LH:24
BRF:0
BRH:0
end_of_record
TN:
SF:C:\Users\adedayo\Documents\Software Development\Andela BootCamp 2019\Auto Mart\backend\test\index.js
FN:10,(anonymous_0)
FN:11,(anonymous_1)
FN:12,(anonymous_2)
FN:16,(anonymous_3)
FN:24,(anonymous_4)
FN:28,(anonymous_5)
FN:36,(anonymous_6)
FN:40,(anonymous_7)
FN:48,(anonymous_8)
FN:52,(anonymous_9)
FN:61,(anonymous_10)
FN:65,(anonymous_11)
FN:74,(anonymous_12)
FN:78,(anonymous_13)
FN:87,(anonymous_14)
FN:91,(anonymous_15)
FN:100,(anonymous_16)
FN:104,(anonymous_17)
FN:110,(anonymous_18)
FN:118,(anonymous_19)
FN:124,(anonymous_20)
FN:135,(anonymous_21)
FN:142,(anonymous_22)
FN:152,(anonymous_23)
FN:160,(anonymous_24)
FN:170,(anonymous_25)
FN:178,(anonymous_26)
FN:183,(anonymous_27)
FN:192,(anonymous_28)
FN:193,(anonymous_29)
FN:202,(anonymous_30)
FN:211,(anonymous_31)
FN:220,(anonymous_32)
FN:229,(anonymous_33)
FN:231,(anonymous_34)
FN:239,(anonymous_35)
FN:245,(anonymous_36)
FN:258,(anonymous_37)
FN:266,(anonymous_38)
FN:279,(anonymous_39)
FN:288,(anonymous_40)
FN:289,(anonymous_41)
FN:299,(anonymous_42)
FNF:43
FNH:43
FNDA:1,(anonymous_0)
FNDA:1,(anonymous_1)
FNDA:1,(anonymous_2)
FNDA:1,(anonymous_3)
FNDA:1,(anonymous_4)
FNDA:1,(anonymous_5)
FNDA:1,(anonymous_6)
FNDA:1,(anonymous_7)
FNDA:1,(anonymous_8)
FNDA:1,(anonymous_9)
FNDA:1,(anonymous_10)
FNDA:1,(anonymous_11)
FNDA:1,(anonymous_12)
FNDA:1,(anonymous_13)
FNDA:1,(anonymous_14)
FNDA:1,(anonymous_15)
FNDA:1,(anonymous_16)
FNDA:1,(anonymous_17)
FNDA:1,(anonymous_18)
FNDA:1,(anonymous_19)
FNDA:1,(anonymous_20)
FNDA:1,(anonymous_21)
FNDA:1,(anonymous_22)
FNDA:1,(anonymous_23)
FNDA:1,(anonymous_24)
FNDA:1,(anonymous_25)
FNDA:1,(anonymous_26)
FNDA:1,(anonymous_27)
FNDA:1,(anonymous_28)
FNDA:1,(anonymous_29)
FNDA:1,(anonymous_30)
FNDA:1,(anonymous_31)
FNDA:1,(anonymous_32)
FNDA:1,(anonymous_33)
FNDA:1,(anonymous_34)
FNDA:1,(anonymous_35)
FNDA:1,(anonymous_36)
FNDA:1,(anonymous_37)
FNDA:1,(anonymous_38)
FNDA:1,(anonymous_39)
FNDA:1,(anonymous_40)
FNDA:1,(anonymous_41)
FNDA:1,(anonymous_42)
DA:2,1
DA:4,1
DA:6,1
DA:8,1
DA:10,1
DA:11,1
DA:12,1
DA:13,1
DA:17,1
DA:18,1
DA:19,1
DA:20,1
DA:21,1
DA:24,1
DA:25,1
DA:29,1
DA:30,1
DA:31,1
DA:32,1
DA:33,1
DA:36,1
DA:37,1
DA:41,1
DA:42,1
DA:43,1
DA:44,1
DA:45,1
DA:48,1
DA:49,1
DA:53,1
DA:54,1
DA:55,1
DA:56,1
DA:57,1
DA:58,1
DA:61,1
DA:62,1
DA:66,1
DA:67,1
DA:68,1
DA:69,1
DA:70,1
DA:71,1
DA:74,1
DA:75,1
DA:79,1
DA:80,1
DA:81,1
DA:82,1
DA:83,1
DA:84,1
DA:87,1
DA:88,1
DA:92,1
DA:93,1
DA:94,1
DA:95,1
DA:96,1
DA:97,1
DA:100,1
DA:101,1
DA:105,1
DA:106,1
DA:110,1
DA:111,1
DA:115,1
DA:120,1
DA:121,1
DA:124,1
DA:125,1
DA:130,1
DA:136,1
DA:137,1
DA:138,1
DA:139,1
DA:142,1
DA:143,1
DA:147,1
DA:153,1
DA:154,1
DA:155,1
DA:156,1
DA:157,1
DA:160,1
DA:161,1
DA:165,1
DA:171,1
DA:172,1
DA:173,1
DA:174,1
DA:175,1
DA:178,1
DA:179,1
DA:184,1
DA:185,1
DA:186,1
DA:187,1
DA:192,1
DA:193,1
DA:194,1
DA:198,1
DA:204,1
DA:205,1
DA:206,1
DA:207,1
DA:208,1
DA:211,1
DA:212,1
DA:216,1
DA:221,1
DA:222,1
DA:223,1
DA:224,1
DA:229,1
DA:231,1
DA:232,1
DA:236,1
DA:241,1
DA:242,1
DA:245,1
DA:246,1
DA:253,1
DA:259,1
DA:260,1
DA:261,1
DA:262,1
DA:263,1
DA:266,1
DA:267,1
DA:274,1
DA:280,1
DA:281,1
DA:282,1
DA:283,1
DA:284,1
DA:288,1
DA:289,1
DA:290,1
DA:295,1
DA:300,1
DA:301,1
DA:302,1
DA:303,1
DA:304,1
DA:305,1
LF:145
LH:145
BRF:0
BRH:0
end_of_record
